This file contains any messages produced by compilers while
running configure, to aid debugging if configure makes a mistake.

It was created by uwlalloc configure 0.1, which was
generated by GNU Autoconf 2.69.  Invocation command line was

  $ ./configure 

## --------- ##
## Platform. ##
## --------- ##

hostname = liwei
uname -m = x86_64
uname -r = 4.15.0-66-generic
uname -s = Linux
uname -v = #75~16.04.1-Ubuntu SMP Tue Oct 1 14:01:08 UTC 2019

/usr/bin/uname -p = unknown
/bin/uname -X     = unknown

/bin/arch              = unknown
/usr/bin/arch -k       = unknown
/usr/convex/getsysinfo = unknown
/usr/bin/hostinfo      = unknown
/bin/machine           = unknown
/usr/bin/oslevel       = unknown
/bin/universe          = unknown

PATH: /home/liwei/bin
PATH: /home/liwei/.local/bin
PATH: /home/liwei/Workspace/Tools/llvm/llvm-3.8.0/build/bin/
PATH: /home/liwei/Workspace/Tools/pin/pin-3.6
PATH: /usr/lib/java/jdk1.8.0_141/bin
PATH: /usr/local/sbin
PATH: /usr/local/bin
PATH: /usr/sbin
PATH: /usr/bin
PATH: /sbin
PATH: /bin
PATH: /usr/games
PATH: /usr/local/games
PATH: /snap/bin


## ----------- ##
## Core tests. ##
## ----------- ##

configure:2419: checking for a BSD-compatible install
configure:2487: result: /usr/bin/install -c
configure:2498: checking whether build environment is sane
configure:2553: result: yes
configure:2704: checking for a thread-safe mkdir -p
configure:2743: result: /bin/mkdir -p
configure:2750: checking for gawk
configure:2780: result: no
configure:2750: checking for mawk
configure:2766: found /usr/bin/mawk
configure:2777: result: mawk
configure:2788: checking whether make sets $(MAKE)
configure:2810: result: yes
configure:2839: checking whether make supports nested variables
configure:2856: result: yes
configure:3045: checking for g++
configure:3061: found /usr/bin/g++
configure:3072: result: g++
configure:3099: checking for C++ compiler version
configure:3108: g++ --version >&5
g++ (Ubuntu 5.4.0-6ubuntu1~16.04.10) 5.4.0 20160609
Copyright (C) 2015 Free Software Foundation, Inc.
This is free software; see the source for copying conditions.  There is NO
warranty; not even for MERCHANTABILITY or FITNESS FOR A PARTICULAR PURPOSE.

configure:3119: $? = 0
configure:3108: g++ -v >&5
Using built-in specs.
COLLECT_GCC=g++
COLLECT_LTO_WRAPPER=/usr/lib/gcc/x86_64-linux-gnu/5/lto-wrapper
Target: x86_64-linux-gnu
Configured with: ../src/configure -v --with-pkgversion='Ubuntu 5.4.0-6ubuntu1~16.04.10' --with-bugurl=file:///usr/share/doc/gcc-5/README.Bugs --enable-languages=c,ada,c++,java,go,d,fortran,objc,obj-c++ --prefix=/usr --program-suffix=-5 --enable-shared --enable-linker-build-id --libexecdir=/usr/lib --without-included-gettext --enable-threads=posix --libdir=/usr/lib --enable-nls --with-sysroot=/ --enable-clocale=gnu --enable-libstdcxx-debug --enable-libstdcxx-time=yes --with-default-libstdcxx-abi=new --enable-gnu-unique-object --disable-vtable-verify --enable-libmpx --enable-plugin --with-system-zlib --disable-browser-plugin --enable-java-awt=gtk --enable-gtk-cairo --with-java-home=/usr/lib/jvm/java-1.5.0-gcj-5-amd64/jre --enable-java-home --with-jvm-root-dir=/usr/lib/jvm/java-1.5.0-gcj-5-amd64 --with-jvm-jar-dir=/usr/lib/jvm-exports/java-1.5.0-gcj-5-amd64 --with-arch-directory=amd64 --with-ecj-jar=/usr/share/java/eclipse-ecj.jar --enable-objc-gc --enable-multiarch --disable-werror --with-arch-32=i686 --with-abi=m64 --with-multilib-list=m32,m64,mx32 --enable-multilib --with-tune=generic --enable-checking=release --build=x86_64-linux-gnu --host=x86_64-linux-gnu --target=x86_64-linux-gnu
Thread model: posix
gcc version 5.4.0 20160609 (Ubuntu 5.4.0-6ubuntu1~16.04.10) 
configure:3119: $? = 0
configure:3108: g++ -V >&5
g++: error: unrecognized command line option '-V'
g++: fatal error: no input files
compilation terminated.
configure:3119: $? = 1
configure:3108: g++ -qversion >&5
g++: error: unrecognized command line option '-qversion'
g++: fatal error: no input files
compilation terminated.
configure:3119: $? = 1
configure:3139: checking whether the C++ compiler works
configure:3161: g++    conftest.cpp  >&5
configure:3165: $? = 0
configure:3213: result: yes
configure:3216: checking for C++ compiler default output file name
configure:3218: result: a.out
configure:3224: checking for suffix of executables
configure:3231: g++ -o conftest    conftest.cpp  >&5
configure:3235: $? = 0
configure:3257: result: 
configure:3279: checking whether we are cross compiling
configure:3287: g++ -o conftest    conftest.cpp  >&5
configure:3291: $? = 0
configure:3298: ./conftest
configure:3302: $? = 0
configure:3317: result: no
configure:3322: checking for suffix of object files
configure:3344: g++ -c   conftest.cpp >&5
configure:3348: $? = 0
configure:3369: result: o
configure:3373: checking whether we are using the GNU C++ compiler
configure:3392: g++ -c   conftest.cpp >&5
configure:3392: $? = 0
configure:3401: result: yes
configure:3410: checking whether g++ accepts -g
configure:3430: g++ -c -g  conftest.cpp >&5
configure:3430: $? = 0
configure:3471: result: yes
configure:3505: checking for style of include used by make
configure:3533: result: GNU
configure:3559: checking dependency style of g++
configure:3670: result: gcc3
configure:3733: checking for gcc
configure:3749: found /usr/bin/gcc
configure:3760: result: gcc
configure:3989: checking for C compiler version
configure:3998: gcc --version >&5
gcc (Ubuntu 5.4.0-6ubuntu1~16.04.10) 5.4.0 20160609
Copyright (C) 2015 Free Software Foundation, Inc.
This is free software; see the source for copying conditions.  There is NO
warranty; not even for MERCHANTABILITY or FITNESS FOR A PARTICULAR PURPOSE.

configure:4009: $? = 0
configure:3998: gcc -v >&5
Using built-in specs.
COLLECT_GCC=gcc
COLLECT_LTO_WRAPPER=/usr/lib/gcc/x86_64-linux-gnu/5/lto-wrapper
Target: x86_64-linux-gnu
Configured with: ../src/configure -v --with-pkgversion='Ubuntu 5.4.0-6ubuntu1~16.04.10' --with-bugurl=file:///usr/share/doc/gcc-5/README.Bugs --enable-languages=c,ada,c++,java,go,d,fortran,objc,obj-c++ --prefix=/usr --program-suffix=-5 --enable-shared --enable-linker-build-id --libexecdir=/usr/lib --without-included-gettext --enable-threads=posix --libdir=/usr/lib --enable-nls --with-sysroot=/ --enable-clocale=gnu --enable-libstdcxx-debug --enable-libstdcxx-time=yes --with-default-libstdcxx-abi=new --enable-gnu-unique-object --disable-vtable-verify --enable-libmpx --enable-plugin --with-system-zlib --disable-browser-plugin --enable-java-awt=gtk --enable-gtk-cairo --with-java-home=/usr/lib/jvm/java-1.5.0-gcj-5-amd64/jre --enable-java-home --with-jvm-root-dir=/usr/lib/jvm/java-1.5.0-gcj-5-amd64 --with-jvm-jar-dir=/usr/lib/jvm-exports/java-1.5.0-gcj-5-amd64 --with-arch-directory=amd64 --with-ecj-jar=/usr/share/java/eclipse-ecj.jar --enable-objc-gc --enable-multiarch --disable-werror --with-arch-32=i686 --with-abi=m64 --with-multilib-list=m32,m64,mx32 --enable-multilib --with-tune=generic --enable-checking=release --build=x86_64-linux-gnu --host=x86_64-linux-gnu --target=x86_64-linux-gnu
Thread model: posix
gcc version 5.4.0 20160609 (Ubuntu 5.4.0-6ubuntu1~16.04.10) 
configure:4009: $? = 0
configure:3998: gcc -V >&5
gcc: error: unrecognized command line option '-V'
gcc: fatal error: no input files
compilation terminated.
configure:4009: $? = 1
configure:3998: gcc -qversion >&5
gcc: error: unrecognized command line option '-qversion'
gcc: fatal error: no input files
compilation terminated.
configure:4009: $? = 1
configure:4013: checking whether we are using the GNU C compiler
configure:4032: gcc -c   conftest.c >&5
configure:4032: $? = 0
configure:4041: result: yes
configure:4050: checking whether gcc accepts -g
configure:4070: gcc -c -g  conftest.c >&5
configure:4070: $? = 0
configure:4111: result: yes
configure:4128: checking for gcc option to accept ISO C89
configure:4191: gcc  -c -g -O2  conftest.c >&5
configure:4191: $? = 0
configure:4204: result: none needed
configure:4229: checking whether gcc understands -c and -o together
configure:4251: gcc -c conftest.c -o conftest2.o
configure:4254: $? = 0
configure:4251: gcc -c conftest.c -o conftest2.o
configure:4254: $? = 0
configure:4266: result: yes
configure:4285: checking dependency style of gcc
configure:4396: result: gcc3
configure:4456: checking for ranlib
configure:4472: found /usr/bin/ranlib
configure:4483: result: ranlib
configure:4515: checking how to run the C preprocessor
configure:4546: gcc -E  conftest.c
configure:4546: $? = 0
configure:4560: gcc -E  conftest.c
conftest.c:11:28: fatal error: ac_nonexistent.h: No such file or directory
compilation terminated.
configure:4560: $? = 1
configure: failed program was:
| /* confdefs.h */
| #define PACKAGE_NAME "uwlalloc"
| #define PACKAGE_TARNAME "uwlalloc"
| #define PACKAGE_VERSION "0.1"
| #define PACKAGE_STRING "uwlalloc 0.1"
| #define PACKAGE_BUGREPORT "weli@whu.edu.cn"
| #define PACKAGE_URL ""
| #define PACKAGE "uwlalloc"
| #define VERSION "0.1"
| /* end confdefs.h.  */
| #include <ac_nonexistent.h>
configure:4585: result: gcc -E
configure:4605: gcc -E  conftest.c
configure:4605: $? = 0
configure:4619: gcc -E  conftest.c
conftest.c:11:28: fatal error: ac_nonexistent.h: No such file or directory
compilation terminated.
configure:4619: $? = 1
configure: failed program was:
| /* confdefs.h */
| #define PACKAGE_NAME "uwlalloc"
| #define PACKAGE_TARNAME "uwlalloc"
| #define PACKAGE_VERSION "0.1"
| #define PACKAGE_STRING "uwlalloc 0.1"
| #define PACKAGE_BUGREPORT "weli@whu.edu.cn"
| #define PACKAGE_URL ""
| #define PACKAGE "uwlalloc"
| #define VERSION "0.1"
| /* end confdefs.h.  */
| #include <ac_nonexistent.h>
configure:4648: checking for grep that handles long lines and -e
configure:4706: result: /bin/grep
configure:4711: checking for egrep
configure:4773: result: /bin/grep -E
configure:4778: checking for ANSI C header files
configure:4798: gcc -c -g -O2  conftest.c >&5
configure:4798: $? = 0
configure:4871: gcc -o conftest -g -O2   conftest.c  >&5
configure:4871: $? = 0
configure:4871: ./conftest
configure:4871: $? = 0
configure:4882: result: yes
configure:4895: checking for sys/types.h
configure:4895: gcc -c -g -O2  conftest.c >&5
configure:4895: $? = 0
configure:4895: result: yes
configure:4895: checking for sys/stat.h
configure:4895: gcc -c -g -O2  conftest.c >&5
configure:4895: $? = 0
configure:4895: result: yes
configure:4895: checking for stdlib.h
configure:4895: gcc -c -g -O2  conftest.c >&5
configure:4895: $? = 0
configure:4895: result: yes
configure:4895: checking for string.h
configure:4895: gcc -c -g -O2  conftest.c >&5
configure:4895: $? = 0
configure:4895: result: yes
configure:4895: checking for memory.h
configure:4895: gcc -c -g -O2  conftest.c >&5
configure:4895: $? = 0
configure:4895: result: yes
configure:4895: checking for strings.h
configure:4895: gcc -c -g -O2  conftest.c >&5
configure:4895: $? = 0
configure:4895: result: yes
configure:4895: checking for inttypes.h
configure:4895: gcc -c -g -O2  conftest.c >&5
configure:4895: $? = 0
configure:4895: result: yes
configure:4895: checking for stdint.h
configure:4895: gcc -c -g -O2  conftest.c >&5
configure:4895: $? = 0
configure:4895: result: yes
configure:4895: checking for unistd.h
configure:4895: gcc -c -g -O2  conftest.c >&5
configure:4895: $? = 0
configure:4895: result: yes
configure:4910: checking fcntl.h usability
configure:4910: gcc -c -g -O2  conftest.c >&5
configure:4910: $? = 0
configure:4910: result: yes
configure:4910: checking fcntl.h presence
configure:4910: gcc -E  conftest.c
configure:4910: $? = 0
configure:4910: result: yes
configure:4910: checking for fcntl.h
configure:4910: result: yes
configure:4910: checking for stdint.h
configure:4910: result: yes
configure:4910: checking for stdlib.h
configure:4910: result: yes
configure:4910: checking for string.h
configure:4910: result: yes
configure:4910: checking sys/mman.h usability
configure:4910: gcc -c -g -O2  conftest.c >&5
configure:4910: $? = 0
configure:4910: result: yes
configure:4910: checking sys/mman.h presence
configure:4910: gcc -E  conftest.c
configure:4910: $? = 0
configure:4910: result: yes
configure:4910: checking for sys/mman.h
configure:4910: result: yes
configure:4910: checking smmintrin.h usability
configure:4910: gcc -c -g -O2  conftest.c >&5
configure:4910: $? = 0
configure:4910: result: yes
configure:4910: checking smmintrin.h presence
configure:4910: gcc -E  conftest.c
configure:4910: $? = 0
configure:4910: result: yes
configure:4910: checking for smmintrin.h
configure:4910: result: yes
configure:4922: checking for stdbool.h that conforms to C99
configure:4989: gcc -c -g -O2  conftest.c >&5
configure:4989: $? = 0
configure:4996: result: yes
configure:4998: checking for _Bool
configure:4998: gcc -c -g -O2  conftest.c >&5
configure:4998: $? = 0
configure:4998: gcc -c -g -O2  conftest.c >&5
conftest.c: In function 'main':
conftest.c:63:20: error: expected expression before ')' token
 if (sizeof ((_Bool)))
                    ^
configure:4998: $? = 1
configure: failed program was:
| /* confdefs.h */
| #define PACKAGE_NAME "uwlalloc"
| #define PACKAGE_TARNAME "uwlalloc"
| #define PACKAGE_VERSION "0.1"
| #define PACKAGE_STRING "uwlalloc 0.1"
| #define PACKAGE_BUGREPORT "weli@whu.edu.cn"
| #define PACKAGE_URL ""
| #define PACKAGE "uwlalloc"
| #define VERSION "0.1"
| #define STDC_HEADERS 1
| #define HAVE_SYS_TYPES_H 1
| #define HAVE_SYS_STAT_H 1
| #define HAVE_STDLIB_H 1
| #define HAVE_STRING_H 1
| #define HAVE_MEMORY_H 1
| #define HAVE_STRINGS_H 1
| #define HAVE_INTTYPES_H 1
| #define HAVE_STDINT_H 1
| #define HAVE_UNISTD_H 1
| #define HAVE_FCNTL_H 1
| #define HAVE_STDINT_H 1
| #define HAVE_STDLIB_H 1
| #define HAVE_STRING_H 1
| #define HAVE_SYS_MMAN_H 1
| #define HAVE_SMMINTRIN_H 1
| /* end confdefs.h.  */
| #include <stdio.h>
| #ifdef HAVE_SYS_TYPES_H
| # include <sys/types.h>
| #endif
| #ifdef HAVE_SYS_STAT_H
| # include <sys/stat.h>
| #endif
| #ifdef STDC_HEADERS
| # include <stdlib.h>
| # include <stddef.h>
| #else
| # ifdef HAVE_STDLIB_H
| #  include <stdlib.h>
| # endif
| #endif
| #ifdef HAVE_STRING_H
| # if !defined STDC_HEADERS && defined HAVE_MEMORY_H
| #  include <memory.h>
| # endif
| # include <string.h>
| #endif
| #ifdef HAVE_STRINGS_H
| # include <strings.h>
| #endif
| #ifdef HAVE_INTTYPES_H
| # include <inttypes.h>
| #endif
| #ifdef HAVE_STDINT_H
| # include <stdint.h>
| #endif
| #ifdef HAVE_UNISTD_H
| # include <unistd.h>
| #endif
| int
| main ()
| {
| if (sizeof ((_Bool)))
| 	    return 0;
|   ;
|   return 0;
| }
configure:4998: result: yes
configure:5015: checking for inline
configure:5031: gcc -c -g -O2  conftest.c >&5
configure:5031: $? = 0
configure:5039: result: inline
configure:5057: checking for size_t
configure:5057: gcc -c -g -O2  conftest.c >&5
configure:5057: $? = 0
configure:5057: gcc -c -g -O2  conftest.c >&5
conftest.c: In function 'main':
conftest.c:65:21: error: expected expression before ')' token
 if (sizeof ((size_t)))
                     ^
configure:5057: $? = 1
configure: failed program was:
| /* confdefs.h */
| #define PACKAGE_NAME "uwlalloc"
| #define PACKAGE_TARNAME "uwlalloc"
| #define PACKAGE_VERSION "0.1"
| #define PACKAGE_STRING "uwlalloc 0.1"
| #define PACKAGE_BUGREPORT "weli@whu.edu.cn"
| #define PACKAGE_URL ""
| #define PACKAGE "uwlalloc"
| #define VERSION "0.1"
| #define STDC_HEADERS 1
| #define HAVE_SYS_TYPES_H 1
| #define HAVE_SYS_STAT_H 1
| #define HAVE_STDLIB_H 1
| #define HAVE_STRING_H 1
| #define HAVE_MEMORY_H 1
| #define HAVE_STRINGS_H 1
| #define HAVE_INTTYPES_H 1
| #define HAVE_STDINT_H 1
| #define HAVE_UNISTD_H 1
| #define HAVE_FCNTL_H 1
| #define HAVE_STDINT_H 1
| #define HAVE_STDLIB_H 1
| #define HAVE_STRING_H 1
| #define HAVE_SYS_MMAN_H 1
| #define HAVE_SMMINTRIN_H 1
| #define HAVE__BOOL 1
| #define HAVE_STDBOOL_H 1
| /* end confdefs.h.  */
| #include <stdio.h>
| #ifdef HAVE_SYS_TYPES_H
| # include <sys/types.h>
| #endif
| #ifdef HAVE_SYS_STAT_H
| # include <sys/stat.h>
| #endif
| #ifdef STDC_HEADERS
| # include <stdlib.h>
| # include <stddef.h>
| #else
| # ifdef HAVE_STDLIB_H
| #  include <stdlib.h>
| # endif
| #endif
| #ifdef HAVE_STRING_H
| # if !defined STDC_HEADERS && defined HAVE_MEMORY_H
| #  include <memory.h>
| # endif
| # include <string.h>
| #endif
| #ifdef HAVE_STRINGS_H
| # include <strings.h>
| #endif
| #ifdef HAVE_INTTYPES_H
| # include <inttypes.h>
| #endif
| #ifdef HAVE_STDINT_H
| # include <stdint.h>
| #endif
| #ifdef HAVE_UNISTD_H
| # include <unistd.h>
| #endif
| int
| main ()
| {
| if (sizeof ((size_t)))
| 	    return 0;
|   ;
|   return 0;
| }
configure:5057: result: yes
configure:5068: checking for ssize_t
configure:5068: gcc -c -g -O2  conftest.c >&5
configure:5068: $? = 0
configure:5068: gcc -c -g -O2  conftest.c >&5
conftest.c: In function 'main':
conftest.c:65:22: error: expected expression before ')' token
 if (sizeof ((ssize_t)))
                      ^
configure:5068: $? = 1
configure: failed program was:
| /* confdefs.h */
| #define PACKAGE_NAME "uwlalloc"
| #define PACKAGE_TARNAME "uwlalloc"
| #define PACKAGE_VERSION "0.1"
| #define PACKAGE_STRING "uwlalloc 0.1"
| #define PACKAGE_BUGREPORT "weli@whu.edu.cn"
| #define PACKAGE_URL ""
| #define PACKAGE "uwlalloc"
| #define VERSION "0.1"
| #define STDC_HEADERS 1
| #define HAVE_SYS_TYPES_H 1
| #define HAVE_SYS_STAT_H 1
| #define HAVE_STDLIB_H 1
| #define HAVE_STRING_H 1
| #define HAVE_MEMORY_H 1
| #define HAVE_STRINGS_H 1
| #define HAVE_INTTYPES_H 1
| #define HAVE_STDINT_H 1
| #define HAVE_UNISTD_H 1
| #define HAVE_FCNTL_H 1
| #define HAVE_STDINT_H 1
| #define HAVE_STDLIB_H 1
| #define HAVE_STRING_H 1
| #define HAVE_SYS_MMAN_H 1
| #define HAVE_SMMINTRIN_H 1
| #define HAVE__BOOL 1
| #define HAVE_STDBOOL_H 1
| /* end confdefs.h.  */
| #include <stdio.h>
| #ifdef HAVE_SYS_TYPES_H
| # include <sys/types.h>
| #endif
| #ifdef HAVE_SYS_STAT_H
| # include <sys/stat.h>
| #endif
| #ifdef STDC_HEADERS
| # include <stdlib.h>
| # include <stddef.h>
| #else
| # ifdef HAVE_STDLIB_H
| #  include <stdlib.h>
| # endif
| #endif
| #ifdef HAVE_STRING_H
| # if !defined STDC_HEADERS && defined HAVE_MEMORY_H
| #  include <memory.h>
| # endif
| # include <string.h>
| #endif
| #ifdef HAVE_STRINGS_H
| # include <strings.h>
| #endif
| #ifdef HAVE_INTTYPES_H
| # include <inttypes.h>
| #endif
| #ifdef HAVE_STDINT_H
| # include <stdint.h>
| #endif
| #ifdef HAVE_UNISTD_H
| # include <unistd.h>
| #endif
| int
| main ()
| {
| if (sizeof ((ssize_t)))
| 	    return 0;
|   ;
|   return 0;
| }
configure:5068: result: yes
configure:5079: checking for struct stat.st_blocks
configure:5079: gcc -c -g -O2  conftest.c >&5
configure:5079: $? = 0
configure:5079: result: yes
configure:5099: checking for uint16_t
configure:5099: gcc -c -g -O2  conftest.c >&5
configure:5099: $? = 0
configure:5099: result: yes
configure:5111: checking for uint32_t
configure:5111: gcc -c -g -O2  conftest.c >&5
configure:5111: $? = 0
configure:5111: result: yes
configure:5125: checking for uint64_t
configure:5125: gcc -c -g -O2  conftest.c >&5
configure:5125: $? = 0
configure:5125: result: yes
configure:5139: checking for uint8_t
configure:5139: gcc -c -g -O2  conftest.c >&5
configure:5139: $? = 0
configure:5139: result: yes
configure:5161: checking for stdlib.h
configure:5161: result: yes
configure:5161: checking for unistd.h
configure:5161: result: yes
configure:5161: checking for sys/param.h
configure:5161: gcc -c -g -O2  conftest.c >&5
configure:5161: $? = 0
configure:5161: result: yes
configure:5181: checking for getpagesize
configure:5181: gcc -o conftest -g -O2   conftest.c  >&5
configure:5181: $? = 0
configure:5181: result: yes
configure:5190: checking for working mmap
configure:5337: gcc -o conftest -g -O2   conftest.c  >&5
configure:5337: $? = 0
configure:5337: ./conftest
configure:5337: $? = 0
configure:5347: result: yes
configure:5359: checking for gettimeofday
configure:5359: gcc -o conftest -g -O2   conftest.c  >&5
configure:5359: $? = 0
configure:5359: result: yes
configure:5359: checking for memset
configure:5359: gcc -o conftest -g -O2   conftest.c  >&5
conftest.c:60:6: warning: conflicting types for built-in function 'memset'
 char memset ();
      ^
configure:5359: $? = 0
configure:5359: result: yes
configure:5359: checking for munmap
configure:5359: gcc -o conftest -g -O2   conftest.c  >&5
configure:5359: $? = 0
configure:5359: result: yes
configure:5483: checking that generated files are newer than configure
configure:5489: result: done
configure:5516: creating ./config.status

## ---------------------- ##
## Running config.status. ##
## ---------------------- ##

This file was extended by uwlalloc config.status 0.1, which was
generated by GNU Autoconf 2.69.  Invocation command line was

  CONFIG_FILES    = 
  CONFIG_HEADERS  = 
  CONFIG_LINKS    = 
  CONFIG_COMMANDS = 
  $ ./config.status 

on liwei

config.status:879: creating Makefile
config.status:879: creating lib/Makefile
config.status:879: creating config.h
config.status:1108: executing depfiles commands

## ---------------- ##
## Cache variables. ##
## ---------------- ##

ac_cv_c_compiler_gnu=yes
ac_cv_c_inline=inline
ac_cv_c_uint16_t=yes
ac_cv_c_uint32_t=yes
ac_cv_c_uint64_t=yes
ac_cv_c_uint8_t=yes
ac_cv_cxx_compiler_gnu=yes
ac_cv_env_CCC_set=
ac_cv_env_CCC_value=
ac_cv_env_CC_set=
ac_cv_env_CC_value=
ac_cv_env_CFLAGS_set=
ac_cv_env_CFLAGS_value=
ac_cv_env_CPPFLAGS_set=
ac_cv_env_CPPFLAGS_value=
ac_cv_env_CPP_set=
ac_cv_env_CPP_value=
ac_cv_env_CXXFLAGS_set=
ac_cv_env_CXXFLAGS_value=
ac_cv_env_CXX_set=
ac_cv_env_CXX_value=
ac_cv_env_LDFLAGS_set=
ac_cv_env_LDFLAGS_value=
ac_cv_env_LIBS_set=
ac_cv_env_LIBS_value=
ac_cv_env_build_alias_set=
ac_cv_env_build_alias_value=
ac_cv_env_host_alias_set=
ac_cv_env_host_alias_value=
ac_cv_env_target_alias_set=
ac_cv_env_target_alias_value=
ac_cv_func_getpagesize=yes
ac_cv_func_gettimeofday=yes
ac_cv_func_memset=yes
ac_cv_func_mmap_fixed_mapped=yes
ac_cv_func_munmap=yes
ac_cv_header_fcntl_h=yes
ac_cv_header_inttypes_h=yes
ac_cv_header_memory_h=yes
ac_cv_header_smmintrin_h=yes
ac_cv_header_stdbool_h=yes
ac_cv_header_stdc=yes
ac_cv_header_stdint_h=yes
ac_cv_header_stdlib_h=yes
ac_cv_header_string_h=yes
ac_cv_header_strings_h=yes
ac_cv_header_sys_mman_h=yes
ac_cv_header_sys_param_h=yes
ac_cv_header_sys_stat_h=yes
ac_cv_header_sys_types_h=yes
ac_cv_header_unistd_h=yes
ac_cv_member_struct_stat_st_blocks=yes
ac_cv_objext=o
ac_cv_path_EGREP='/bin/grep -E'
ac_cv_path_GREP=/bin/grep
ac_cv_path_install='/usr/bin/install -c'
ac_cv_path_mkdir=/bin/mkdir
ac_cv_prog_AWK=mawk
ac_cv_prog_CPP='gcc -E'
ac_cv_prog_ac_ct_CC=gcc
ac_cv_prog_ac_ct_CXX=g++
ac_cv_prog_ac_ct_RANLIB=ranlib
ac_cv_prog_cc_c89=
ac_cv_prog_cc_g=yes
ac_cv_prog_cxx_g=yes
ac_cv_prog_make_make_set=yes
ac_cv_type__Bool=yes
ac_cv_type_size_t=yes
ac_cv_type_ssize_t=yes
am_cv_CC_dependencies_compiler_type=gcc3
am_cv_CXX_dependencies_compiler_type=gcc3
am_cv_make_support_nested_variables=yes
am_cv_prog_cc_c_o=yes

## ----------------- ##
## Output variables. ##
## ----------------- ##

ACLOCAL='${SHELL} /home/liwei/Workspace/Projects/wear-leveling/tools/UWLalloc/missing aclocal-1.15'
AMDEPBACKSLASH='\'
AMDEP_FALSE='#'
AMDEP_TRUE=''
AMTAR='$${TAR-tar}'
AM_BACKSLASH='\'
AM_DEFAULT_V='$(AM_DEFAULT_VERBOSITY)'
AM_DEFAULT_VERBOSITY='1'
AM_V='$(V)'
AUTOCONF='${SHELL} /home/liwei/Workspace/Projects/wear-leveling/tools/UWLalloc/missing autoconf'
AUTOHEADER='${SHELL} /home/liwei/Workspace/Projects/wear-leveling/tools/UWLalloc/missing autoheader'
AUTOMAKE='${SHELL} /home/liwei/Workspace/Projects/wear-leveling/tools/UWLalloc/missing automake-1.15'
AWK='mawk'
CC='gcc'
CCDEPMODE='depmode=gcc3'
CFLAGS='-g -O2 -g -O0 -DDEBUG -msse4.2 -Wall -Wextra -Wno-unused-parameter -Wno-unused-variable'
CPP='gcc -E'
CPPFLAGS=''
CXX='g++'
CXXDEPMODE='depmode=gcc3'
CXXFLAGS='-g -O2'
CYGPATH_W='echo'
DEFS='-DHAVE_CONFIG_H'
DEPDIR='.deps'
ECHO_C=''
ECHO_N='-n'
ECHO_T=''
EGREP='/bin/grep -E'
EXEEXT=''
GREP='/bin/grep'
INSTALL_DATA='${INSTALL} -m 644'
INSTALL_PROGRAM='${INSTALL}'
INSTALL_SCRIPT='${INSTALL}'
INSTALL_STRIP_PROGRAM='$(install_sh) -c -s'
LDFLAGS=''
LIBOBJS=''
LIBS=''
LTLIBOBJS=''
MAKEINFO='${SHELL} /home/liwei/Workspace/Projects/wear-leveling/tools/UWLalloc/missing makeinfo'
MKDIR_P='/bin/mkdir -p'
OBJEXT='o'
PACKAGE='uwlalloc'
PACKAGE_BUGREPORT='weli@whu.edu.cn'
PACKAGE_NAME='uwlalloc'
PACKAGE_STRING='uwlalloc 0.1'
PACKAGE_TARNAME='uwlalloc'
PACKAGE_URL=''
PACKAGE_VERSION='0.1'
PATH_SEPARATOR=':'
RANLIB='ranlib'
SET_MAKE=''
SHELL='/bin/bash'
STRIP=''
VERSION='0.1'
ac_ct_CC='gcc'
ac_ct_CXX='g++'
am__EXEEXT_FALSE=''
am__EXEEXT_TRUE='#'
am__fastdepCC_FALSE='#'
am__fastdepCC_TRUE=''
am__fastdepCXX_FALSE='#'
am__fastdepCXX_TRUE=''
am__include='include'
am__isrc=''
am__leading_dot='.'
am__nodep='_no'
am__quote=''
am__tar='$${TAR-tar} chof - "$$tardir"'
am__untar='$${TAR-tar} xf -'
bindir='${exec_prefix}/bin'
build_alias=''
datadir='${datarootdir}'
datarootdir='${prefix}/share'
docdir='${datarootdir}/doc/${PACKAGE_TARNAME}'
dvidir='${docdir}'
exec_prefix='${prefix}'
host_alias=''
htmldir='${docdir}'
includedir='${prefix}/include'
infodir='${datarootdir}/info'
install_sh='${SHELL} /home/liwei/Workspace/Projects/wear-leveling/tools/UWLalloc/install-sh'
libdir='${exec_prefix}/lib'
libexecdir='${exec_prefix}/libexec'
localedir='${datarootdir}/locale'
localstatedir='${prefix}/var'
mandir='${datarootdir}/man'
mkdir_p='$(MKDIR_P)'
oldincludedir='/usr/include'
pdfdir='${docdir}'
prefix='/usr/local'
program_transform_name='s,x,x,'
psdir='${docdir}'
runstatedir='${localstatedir}/run'
sbindir='${exec_prefix}/sbin'
sharedstatedir='${prefix}/com'
sysconfdir='${prefix}/etc'
target_alias=''

## ----------- ##
## confdefs.h. ##
## ----------- ##

/* confdefs.h */
#define PACKAGE_NAME "uwlalloc"
#define PACKAGE_TARNAME "uwlalloc"
#define PACKAGE_VERSION "0.1"
#define PACKAGE_STRING "uwlalloc 0.1"
#define PACKAGE_BUGREPORT "weli@whu.edu.cn"
#define PACKAGE_URL ""
#define PACKAGE "uwlalloc"
#define VERSION "0.1"
#define STDC_HEADERS 1
#define HAVE_SYS_TYPES_H 1
#define HAVE_SYS_STAT_H 1
#define HAVE_STDLIB_H 1
#define HAVE_STRING_H 1
#define HAVE_MEMORY_H 1
#define HAVE_STRINGS_H 1
#define HAVE_INTTYPES_H 1
#define HAVE_STDINT_H 1
#define HAVE_UNISTD_H 1
#define HAVE_FCNTL_H 1
#define HAVE_STDINT_H 1
#define HAVE_STDLIB_H 1
#define HAVE_STRING_H 1
#define HAVE_SYS_MMAN_H 1
#define HAVE_SMMINTRIN_H 1
#define HAVE__BOOL 1
#define HAVE_STDBOOL_H 1
#define HAVE_STRUCT_STAT_ST_BLOCKS 1
#define HAVE_ST_BLOCKS 1
#define HAVE_STDLIB_H 1
#define HAVE_UNISTD_H 1
#define HAVE_SYS_PARAM_H 1
#define HAVE_GETPAGESIZE 1
#define HAVE_MMAP 1
#define HAVE_GETTIMEOFDAY 1
#define HAVE_MEMSET 1
#define HAVE_MUNMAP 1

configure: exit 0
